2020-12-31 21:03:48,996 ERROR 13528 [-/127.0.0.1/-/3ms GET /] nodejs.TypeError: Cannot read property 'CmsGames' of undefined
    at GamesService.count (D:\ssrTest\egg-vue-text\app\service\games.js:53:36)
    at GamesControll.list (D:\ssrTest\egg-vue-text\app\controller\games.js:12:43)
    at Object.callFn (D:\ssrTest\egg-vue-text\node_modules\egg-core\lib\utils\index.js:44:21)
    at Object.classControllerMiddleware (D:\ssrTest\egg-vue-text\node_modules\egg-core\lib\loader\mixin\controller.js:87:20)
    at Object.callFn (D:\ssrTest\egg-vue-text\node_modules\@eggjs\router\lib\utils.js:12:21)
    at wrappedController (D:\ssrTest\egg-vue-text\node_modules\@eggjs\router\lib\egg_router.js:322:18)
    at dispatch (D:\ssrTest\egg-vue-text\node_modules\koa-compose\index.js:44:32)
    at next (D:\ssrTest\egg-vue-text\node_modules\koa-compose\index.js:45:18)
    at D:\ssrTest\egg-vue-text\node_modules\@eggjs\router\lib\router.js:190:18
    at dispatch (D:\ssrTest\egg-vue-text\node_modules\koa-compose\index.js:44:32)

pid: 13528
hostname: ITSK-COM

2020-12-31 21:18:09,264 ERROR 10324 [game/game.js] server render bundle error, try client render, the server render error Error: read webpack memory file[D:\ssrTest\egg-vue-text\app\view\game\game.js] content is empty, please check if the file exists
    at D:\ssrTest\egg-vue-text\node_modules\egg-webpack-vue\app.js:20:17
    at Generator.next (<anonymous>)
    at onFulfilled (D:\ssrTest\egg-vue-text\node_modules\co\index.js:65:19)
    at processTicksAndRejections (internal/process/task_queues.js:97:5)
2020-12-31 21:18:23,506 ERROR 10324 [game/game.js] server render bundle error, try client render, the server render error Error: read webpack memory file[D:\ssrTest\egg-vue-text\app\view\game\game.js] content is empty, please check if the file exists
    at D:\ssrTest\egg-vue-text\node_modules\egg-webpack-vue\app.js:20:17
    at Generator.next (<anonymous>)
    at onFulfilled (D:\ssrTest\egg-vue-text\node_modules\co\index.js:65:19)
    at processTicksAndRejections (internal/process/task_queues.js:97:5)
2020-12-31 21:18:27,163 ERROR 10324 [game/game.js] server render bundle error, try client render, the server render error Error: read webpack memory file[D:\ssrTest\egg-vue-text\app\view\game\game.js] content is empty, please check if the file exists
    at D:\ssrTest\egg-vue-text\node_modules\egg-webpack-vue\app.js:20:17
    at Generator.next (<anonymous>)
    at onFulfilled (D:\ssrTest\egg-vue-text\node_modules\co\index.js:65:19)
    at processTicksAndRejections (internal/process/task_queues.js:97:5)
2020-12-31 21:18:29,410 ERROR 10324 [game/game.js] server render bundle error, try client render, the server render error Error: read webpack memory file[D:\ssrTest\egg-vue-text\app\view\game\game.js] content is empty, please check if the file exists
    at D:\ssrTest\egg-vue-text\node_modules\egg-webpack-vue\app.js:20:17
    at Generator.next (<anonymous>)
    at onFulfilled (D:\ssrTest\egg-vue-text\node_modules\co\index.js:65:19)
    at processTicksAndRejections (internal/process/task_queues.js:97:5)
2020-12-31 21:18:29,556 ERROR 10324 [game/game.js] server render bundle error, try client render, the server render error Error: read webpack memory file[D:\ssrTest\egg-vue-text\app\view\game\game.js] content is empty, please check if the file exists
    at D:\ssrTest\egg-vue-text\node_modules\egg-webpack-vue\app.js:20:17
    at Generator.next (<anonymous>)
    at onFulfilled (D:\ssrTest\egg-vue-text\node_modules\co\index.js:65:19)
    at processTicksAndRejections (internal/process/task_queues.js:97:5)
2020-12-31 21:18:29,725 ERROR 10324 [game/game.js] server render bundle error, try client render, the server render error Error: read webpack memory file[D:\ssrTest\egg-vue-text\app\view\game\game.js] content is empty, please check if the file exists
    at D:\ssrTest\egg-vue-text\node_modules\egg-webpack-vue\app.js:20:17
    at Generator.next (<anonymous>)
    at onFulfilled (D:\ssrTest\egg-vue-text\node_modules\co\index.js:65:19)
    at processTicksAndRejections (internal/process/task_queues.js:97:5)
2020-12-31 21:21:38,871 ERROR 1860 [game/game.js] server render bundle error, try client render, the server render error Error: read webpack memory file[D:\ssrTest\egg-vue-text\app\view\game\game.js] content is empty, please check if the file exists
    at D:\ssrTest\egg-vue-text\node_modules\egg-webpack-vue\app.js:20:17
    at Generator.next (<anonymous>)
    at onFulfilled (D:\ssrTest\egg-vue-text\node_modules\co\index.js:65:19)
    at processTicksAndRejections (internal/process/task_queues.js:97:5)
2020-12-31 21:21:39,939 ERROR 1860 [game/game.js] server render bundle error, try client render, the server render error Error: read webpack memory file[D:\ssrTest\egg-vue-text\app\view\game\game.js] content is empty, please check if the file exists
    at D:\ssrTest\egg-vue-text\node_modules\egg-webpack-vue\app.js:20:17
    at Generator.next (<anonymous>)
    at onFulfilled (D:\ssrTest\egg-vue-text\node_modules\co\index.js:65:19)
    at processTicksAndRejections (internal/process/task_queues.js:97:5)
2020-12-31 21:22:04,218 ERROR 3680 [-/127.0.0.1/-/32ms GET /] nodejs.ReferenceError: result is not defined
    at GamesControll.ssr (D:\ssrTest\egg-vue-text\app\controller\games.js:15:45)
    at processTicksAndRejections (internal/process/task_queues.js:97:5)
    at async D:\ssrTest\egg-vue-text\node_modules\egg-development\app\middleware\egg_loader_trace.js:9:50

pid: 3680
hostname: ITSK-COM

2020-12-31 21:23:50,766 ERROR 6348 [game/index.js] server render bundle error, try client render, the server render error Error: read webpack memory file[D:\ssrTest\egg-vue-text\app\view\game\index.js] content is empty, please check if the file exists
    at D:\ssrTest\egg-vue-text\node_modules\egg-webpack-vue\app.js:20:17
    at Generator.next (<anonymous>)
    at onFulfilled (D:\ssrTest\egg-vue-text\node_modules\co\index.js:65:19)
    at processTicksAndRejections (internal/process/task_queues.js:97:5)
2020-12-31 21:23:51,865 ERROR 6348 [game/index.js] server render bundle error, try client render, the server render error Error: read webpack memory file[D:\ssrTest\egg-vue-text\app\view\game\index.js] content is empty, please check if the file exists
    at D:\ssrTest\egg-vue-text\node_modules\egg-webpack-vue\app.js:20:17
    at Generator.next (<anonymous>)
    at onFulfilled (D:\ssrTest\egg-vue-text\node_modules\co\index.js:65:19)
    at processTicksAndRejections (internal/process/task_queues.js:97:5)
2020-12-31 21:24:26,745 ERROR 6348 [game/index.js] server render bundle error, try client render, the server render error Error: read webpack memory file[D:\ssrTest\egg-vue-text\app\view\game\index.js] content is empty, please check if the file exists
    at D:\ssrTest\egg-vue-text\node_modules\egg-webpack-vue\app.js:20:17
    at Generator.next (<anonymous>)
    at onFulfilled (D:\ssrTest\egg-vue-text\node_modules\co\index.js:65:19)
    at processTicksAndRejections (internal/process/task_queues.js:97:5)
2020-12-31 21:24:27,309 ERROR 6348 [game/index.js] server render bundle error, try client render, the server render error Error: read webpack memory file[D:\ssrTest\egg-vue-text\app\view\game\index.js] content is empty, please check if the file exists
    at D:\ssrTest\egg-vue-text\node_modules\egg-webpack-vue\app.js:20:17
    at Generator.next (<anonymous>)
    at onFulfilled (D:\ssrTest\egg-vue-text\node_modules\co\index.js:65:19)
    at processTicksAndRejections (internal/process/task_queues.js:97:5)
2020-12-31 21:25:44,003 ERROR 6348 [game/index.js] server render bundle error, try client render, the server render error Error: read webpack memory file[D:\ssrTest\egg-vue-text\app\view\game\index.js] content is empty, please check if the file exists
    at D:\ssrTest\egg-vue-text\node_modules\egg-webpack-vue\app.js:20:17
    at Generator.next (<anonymous>)
    at onFulfilled (D:\ssrTest\egg-vue-text\node_modules\co\index.js:65:19)
    at processTicksAndRejections (internal/process/task_queues.js:97:5)
2020-12-31 21:26:31,583 ERROR 6348 [game/index.js] server render bundle error, try client render, the server render error Error: read webpack memory file[D:\ssrTest\egg-vue-text\app\view\game\index.js] content is empty, please check if the file exists
    at D:\ssrTest\egg-vue-text\node_modules\egg-webpack-vue\app.js:20:17
    at Generator.next (<anonymous>)
    at onFulfilled (D:\ssrTest\egg-vue-text\node_modules\co\index.js:65:19)
    at processTicksAndRejections (internal/process/task_queues.js:97:5)
2020-12-31 21:26:32,596 ERROR 6348 [game/index.js] server render bundle error, try client render, the server render error Error: read webpack memory file[D:\ssrTest\egg-vue-text\app\view\game\index.js] content is empty, please check if the file exists
    at D:\ssrTest\egg-vue-text\node_modules\egg-webpack-vue\app.js:20:17
    at Generator.next (<anonymous>)
    at onFulfilled (D:\ssrTest\egg-vue-text\node_modules\co\index.js:65:19)
    at processTicksAndRejections (internal/process/task_queues.js:97:5)
2020-12-31 21:26:34,524 ERROR 6348 [game/index.js] server render bundle error, try client render, the server render error Error: read webpack memory file[D:\ssrTest\egg-vue-text\app\view\game\index.js] content is empty, please check if the file exists
    at D:\ssrTest\egg-vue-text\node_modules\egg-webpack-vue\app.js:20:17
    at Generator.next (<anonymous>)
    at onFulfilled (D:\ssrTest\egg-vue-text\node_modules\co\index.js:65:19)
    at processTicksAndRejections (internal/process/task_queues.js:97:5)
2020-12-31 21:26:35,355 ERROR 6348 [game/index.js] server render bundle error, try client render, the server render error Error: read webpack memory file[D:\ssrTest\egg-vue-text\app\view\game\index.js] content is empty, please check if the file exists
    at D:\ssrTest\egg-vue-text\node_modules\egg-webpack-vue\app.js:20:17
    at Generator.next (<anonymous>)
    at onFulfilled (D:\ssrTest\egg-vue-text\node_modules\co\index.js:65:19)
    at processTicksAndRejections (internal/process/task_queues.js:97:5)
2020-12-31 21:26:35,936 ERROR 6348 [game/index.js] server render bundle error, try client render, the server render error Error: read webpack memory file[D:\ssrTest\egg-vue-text\app\view\game\index.js] content is empty, please check if the file exists
    at D:\ssrTest\egg-vue-text\node_modules\egg-webpack-vue\app.js:20:17
    at Generator.next (<anonymous>)
    at onFulfilled (D:\ssrTest\egg-vue-text\node_modules\co\index.js:65:19)
    at processTicksAndRejections (internal/process/task_queues.js:97:5)
2020-12-31 21:27:01,466 ERROR 1988 [game/index.js] server render bundle error, try client render, the server render error Error: read webpack memory file[D:\ssrTest\egg-vue-text\app\view\game\index.js] content is empty, please check if the file exists
    at D:\ssrTest\egg-vue-text\node_modules\egg-webpack-vue\app.js:20:17
    at Generator.next (<anonymous>)
    at onFulfilled (D:\ssrTest\egg-vue-text\node_modules\co\index.js:65:19)
    at processTicksAndRejections (internal/process/task_queues.js:97:5)
2020-12-31 21:27:03,615 ERROR 1988 [game/index.js] server render bundle error, try client render, the server render error Error: read webpack memory file[D:\ssrTest\egg-vue-text\app\view\game\index.js] content is empty, please check if the file exists
    at D:\ssrTest\egg-vue-text\node_modules\egg-webpack-vue\app.js:20:17
    at Generator.next (<anonymous>)
    at onFulfilled (D:\ssrTest\egg-vue-text\node_modules\co\index.js:65:19)
    at processTicksAndRejections (internal/process/task_queues.js:97:5)
